Release 14.5 - xst P.58f (nt64)
Copyright (c) 1995-2012 Xilinx, Inc.  All rights reserved.
--> Parameter TMPDIR set to xst/projnav.tmp


Total REAL time to Xst completion: 0.00 secs
Total CPU time to Xst completion: 0.27 secs
 
--> Parameter xsthdpdir set to xst


Total REAL time to Xst completion: 0.00 secs
Total CPU time to Xst completion: 0.27 secs
 
--> Reading design: RegPC.prj

TABLE OF CONTENTS
  1) Synthesis Options Summary
  2) HDL Parsing
  3) HDL Elaboration
  4) HDL Synthesis
       4.1) HDL Synthesis Report
  5) Advanced HDL Synthesis
       5.1) Advanced HDL Synthesis Report
  6) Low Level Synthesis
  7) Partition Report
  8) Design Summary
       8.1) Primitive and Black Box Usage
       8.2) Device utilization summary
       8.3) Partition Resource Summary
       8.4) Timing Report
            8.4.1) Clock Information
            8.4.2) Asynchronous Control Signals Information
            8.4.3) Timing Summary
            8.4.4) Timing Details
            8.4.5) Cross Clock Domains Report


=========================================================================
*                      Synthesis Options Summary                        *
=========================================================================
---- Source Parameters
Input File Name                    : "RegPC.prj"
Ignore Synthesis Constraint File   : NO

---- Target Parameters
Output File Name                   : "RegPC"
Output Format                      : NGC
Target Device                      : xc6slx45-3-csg324

---- Source Options
Top Module Name                    : RegPC
Automatic FSM Extraction           : YES
FSM Encoding Algorithm             : Auto
Safe Implementation                : No
FSM Style                          : LUT
RAM Extraction                     : Yes
RAM Style                          : Auto
ROM Extraction                     : Yes
Shift Register Extraction          : YES
ROM Style                          : Auto
Resource Sharing                   : YES
Asynchronous To Synchronous        : NO
Shift Register Minimum Size        : 2
Use DSP Block                      : Auto
Automatic Register Balancing       : No

---- Target Options
LUT Combining                      : Auto
Reduce Control Sets                : Auto
Add IO Buffers                     : YES
Global Maximum Fanout              : 100000
Add Generic Clock Buffer(BUFG)     : 16
Register Duplication               : YES
Optimize Instantiated Primitives   : NO
Use Clock Enable                   : Auto
Use Synchronous Set                : Auto
Use Synchronous Reset              : Auto
Pack IO Registers into IOBs        : Auto
Equivalent register Removal        : YES

---- General Options
Optimization Goal                  : Speed
Optimization Effort                : 1
Power Reduction                    : NO
Keep Hierarchy                     : No
Netlist Hierarchy                  : As_Optimized
RTL Output                         : Yes
Global Optimization                : AllClockNets
Read Cores                         : YES
Write Timing Constraints           : NO
Cross Clock Analysis               : NO
Hierarchy Separator                : /
Bus Delimiter                      : <>
Case Specifier                     : Maintain
Slice Utilization Ratio            : 100
BRAM Utilization Ratio             : 100
DSP48 Utilization Ratio            : 100
Auto BRAM Packing                  : NO
Slice Utilization Ratio Delta      : 5

=========================================================================


=========================================================================
*                          HDL Parsing                                  *
=========================================================================
Analyzing Verilog file "C:\Users\Chani\Desktop\backup1\Processor\RegPC.v" into library work
Parsing module <RegPC>.

=========================================================================
*                            HDL Elaboration                            *
=========================================================================

Elaborating module <RegPC>.

=========================================================================
*                           HDL Synthesis                               *
=========================================================================

Synthesizing Unit <RegPC>.
    Related source file is "C:\Users\Chani\Desktop\backup1\Processor\RegPC.v".
    Found 1-bit register for signal <overflowout>.
    Found 10-bit register for signal <R>.
    Found 11-bit adder for signal <n0038> created at line 42.
    Found 1-bit tristate buffer for signal <Rdirect<9>> created at line 33
    Found 1-bit tristate buffer for signal <Rdirect<8>> created at line 33
    Found 1-bit tristate buffer for signal <Rdirect<7>> created at line 33
    Found 1-bit tristate buffer for signal <Rdirect<6>> created at line 33
    Found 1-bit tristate buffer for signal <Rdirect<5>> created at line 33
    Found 1-bit tristate buffer for signal <Rdirect<4>> created at line 33
    Found 1-bit tristate buffer for signal <Rdirect<3>> created at line 33
    Found 1-bit tristate buffer for signal <Rdirect<2>> created at line 33
    Found 1-bit tristate buffer for signal <Rdirect<1>> created at line 33
    Found 1-bit tristate buffer for signal <Rdirect<0>> created at line 33
    Found 1-bit tristate buffer for signal <Rout<9>> created at line 34
    Found 1-bit tristate buffer for signal <Rout<8>> created at line 34
    Found 1-bit tristate buffer for signal <Rout<7>> created at line 34
    Found 1-bit tristate buffer for signal <Rout<6>> created at line 34
    Found 1-bit tristate buffer for signal <Rout<5>> created at line 34
    Found 1-bit tristate buffer for signal <Rout<4>> created at line 34
    Found 1-bit tristate buffer for signal <Rout<3>> created at line 34
    Found 1-bit tristate buffer for signal <Rout<2>> created at line 34
    Found 1-bit tristate buffer for signal <Rout<1>> created at line 34
    Found 1-bit tristate buffer for signal <Rout<0>> created at line 34
    Summary:
	inferred   1 Adder/Subtractor(s).
	inferred  11 D-type flip-flop(s).
	inferred   1 Multiplexer(s).
	inferred  20 Tristate(s).
Unit <RegPC> synthesized.

=========================================================================
HDL Synthesis Report

Macro Statistics
# Adders/Subtractors                                   : 1
 11-bit adder                                          : 1
# Registers                                            : 2
 1-bit register                                        : 1
 10-bit register                                       : 1
# Multiplexers                                         : 1
 10-bit 2-to-1 multiplexer                             : 1
# Tristates                                            : 20
 1-bit tristate buffer                                 : 20

=========================================================================

=========================================================================
*                       Advanced HDL Synthesis                          *
=========================================================================


=========================================================================
Advanced HDL Synthesis Report

Macro Statistics
# Adders/Subtractors                                   : 1
 11-bit adder                                          : 1
# Registers                                            : 11
 Flip-Flops                                            : 11
# Multiplexers                                         : 1
 10-bit 2-to-1 multiplexer                             : 1

=========================================================================

=========================================================================
*                         Low Level Synthesis                           *
=========================================================================

Optimizing unit <RegPC> ...

Mapping all equations...
Building and optimizing final netlist ...
Found area constraint ratio of 100 (+ 5) on block RegPC, actual ratio is 0.

Final Macro Processing ...

=========================================================================
Final Register Report

Macro Statistics
# Registers                                            : 11
 Flip-Flops                                            : 11

=========================================================================

=========================================================================
*                           Partition Report                            *
=========================================================================

Partition Implementation Status
-------------------------------

  No Partitions were found in this design.

-------------------------------

=========================================================================
*                            Design Summary                             *
=========================================================================

Top Level Output File Name         : RegPC.ngc

Primitive and Black Box Usage:
------------------------------
# BELS                             : 19
#      INV                         : 2
#      LUT2                        : 2
#      LUT3                        : 4
#      LUT4                        : 2
#      LUT5                        : 3
#      LUT6                        : 6
# FlipFlops/Latches                : 11
#      FDE_1                       : 11
# Clock Buffers                    : 1
#      BUFGP                       : 1
# IO Buffers                       : 36
#      IBUF                        : 15
#      OBUF                        : 1
#      OBUFT                       : 20

Device utilization summary:
---------------------------

Selected Device : 6slx45csg324-3 


Slice Logic Utilization: 
 Number of Slice Registers:              11  out of  54576     0%  
 Number of Slice LUTs:                   19  out of  27288     0%  
    Number used as Logic:                19  out of  27288     0%  

Slice Logic Distribution: 
 Number of LUT Flip Flop pairs used:     19
   Number with an unused Flip Flop:       8  out of     19    42%  
   Number with an unused LUT:             0  out of     19     0%  
   Number of fully used LUT-FF pairs:    11  out of     19    57%  
   Number of unique control sets:         2

IO Utilization: 
 Number of IOs:                          37
 Number of bonded IOBs:                  37  out of    218    16%  

Specific Feature Utilization:
 Number of BUFG/BUFGCTRL/BUFHCEs:         1  out of     16     6%  

---------------------------
Partition Resource Summary:
---------------------------

  No Partitions were found in this design.

---------------------------


=========================================================================
Timing Report

NOTE: THESE TIMING NUMBERS ARE ONLY A SYNTHESIS ESTIMATE.
      FOR ACCURATE TIMING INFORMATION PLEASE REFER TO THE TRACE REPORT
      GENERATED AFTER PLACE-and-ROUTE.

Clock Information:
------------------
-----------------------------------+------------------------+-------+
Clock Signal                       | Clock buffer(FF name)  | Load  |
-----------------------------------+------------------------+-------+
clk                                | BUFGP                  | 11    |
-----------------------------------+------------------------+-------+

Asynchronous Control Signals Information:
----------------------------------------
No asynchronous control signals found in this design

Timing Summary:
---------------
Speed Grade: -3

   Minimum period: 2.731ns (Maximum Frequency: 366.166MHz)
   Minimum input arrival time before clock: 3.514ns
   Maximum output required time after clock: 3.847ns
   Maximum combinational path delay: 5.434ns

Timing Details:
---------------
All values displayed in nanoseconds (ns)

=========================================================================
Timing constraint: Default period analysis for Clock 'clk'
  Clock period: 2.731ns (frequency: 366.166MHz)
  Total number of paths / destination ports: 65 / 11
-------------------------------------------------------------------------
Delay:               2.731ns (Levels of Logic = 2)
  Source:            R_4 (FF)
  Destination:       R_6 (FF)
  Source Clock:      clk falling
  Destination Clock: clk falling

  Data Path: R_4 to R_6
                                Gate     Net
    Cell:in->out      fanout   Delay   Delay  Logical Name (Net Name)
    ----------------------------------------  ------------
     FDE_1:C->Q            5   0.447   1.059  R_4 (R_4)
     LUT6:I1->O            5   0.203   0.715  Madd_n0038_cy<9>51 (Madd_n0038_cy<9>_bdd6)
     LUT5:I4->O            1   0.205   0.000  Madd_n0038_cy<9>1 (Madd_n0038_cy<9>)
     FDE_1:D                   0.102          ofBit
    ----------------------------------------
    Total                      2.731ns (0.957ns logic, 1.774ns route)
                                       (35.0% logic, 65.0% route)

=========================================================================
Timing constraint: Default OFFSET IN BEFORE for Clock 'clk'
  Total number of paths / destination ports: 53 / 21
-------------------------------------------------------------------------
Offset:              3.514ns (Levels of Logic = 2)
  Source:            EnWrite (PAD)
  Destination:       R_0 (FF)
  Destination Clock: clk falling

  Data Path: EnWrite to R_0
                                Gate     Net
    Cell:in->out      fanout   Delay   Delay  Logical Name (Net Name)
    ----------------------------------------  ------------
     IBUF:I->O            12   1.222   0.909  EnWrite_IBUF (EnWrite_IBUF)
     LUT3:I2->O           10   0.205   0.856  _n0041_inv1 (_n0041_inv)
     FDE_1:CE                  0.322          R_0
    ----------------------------------------
    Total                      3.514ns (1.749ns logic, 1.765ns route)
                                       (49.8% logic, 50.2% route)

=========================================================================
Timing constraint: Default OFFSET OUT AFTER for Clock 'clk'
  Total number of paths / destination ports: 21 / 21
-------------------------------------------------------------------------
Offset:              3.847ns (Levels of Logic = 1)
  Source:            R_0 (FF)
  Destination:       Rout<0> (PAD)
  Source Clock:      clk falling

  Data Path: R_0 to Rout<0>
                                Gate     Net
    Cell:in->out      fanout   Delay   Delay  Logical Name (Net Name)
    ----------------------------------------  ------------
     FDE_1:C->Q            9   0.447   0.829  R_0 (R_0)
     OBUFT:I->O                2.571          Rout_0_OBUFT (Rout<0>)
    ----------------------------------------
    Total                      3.847ns (3.018ns logic, 0.829ns route)
                                       (78.5% logic, 21.5% route)

=========================================================================
Timing constraint: Default path analysis
  Total number of paths / destination ports: 20 / 20
-------------------------------------------------------------------------
Delay:               5.434ns (Levels of Logic = 3)
  Source:            EnRead (PAD)
  Destination:       Rout<9> (PAD)

  Data Path: EnRead to Rout<9>
                                Gate     Net
    Cell:in->out      fanout   Delay   Delay  Logical Name (Net Name)
    ----------------------------------------  ------------
     IBUF:I->O             1   1.222   0.579  EnRead_IBUF (EnRead_IBUF)
     INV:I->O             10   0.206   0.856  EnRead_inv1_INV_0 (EnRead_inv)
     OBUFT:T->O                2.571          Rout_9_OBUFT (Rout<9>)
    ----------------------------------------
    Total                      5.434ns (3.999ns logic, 1.435ns route)
                                       (73.6% logic, 26.4% route)

=========================================================================

Cross Clock Domains Report:
--------------------------

Clock to Setup on destination clock clk
---------------+---------+---------+---------+---------+
               | Src:Rise| Src:Fall| Src:Rise| Src:Fall|
Source Clock   |Dest:Rise|Dest:Rise|Dest:Fall|Dest:Fall|
---------------+---------+---------+---------+---------+
clk            |         |         |    2.731|         |
---------------+---------+---------+---------+---------+

=========================================================================


Total REAL time to Xst completion: 14.00 secs
Total CPU time to Xst completion: 14.39 secs
 
--> 

Total memory usage is 288360 kilobytes

Number of errors   :    0 (   0 filtered)
Number of warnings :    0 (   0 filtered)
Number of infos    :    0 (   0 filtered)

