--------------------------------------------------------------------------------
Release 14.5 Trace  (nt64)
Copyright (c) 1995-2012 Xilinx, Inc.  All rights reserved.

C:\Xilinx\14.5\ISE_DS\ISE\bin\nt64\unwrapped\trce.exe -intstyle ise -v 3 -s 3
-n 3 -fastpaths -xml TopModule.twx TopModule.ncd -o TopModule.twr TopModule.pcf
-ucf TopModule.ucf

Design file:              TopModule.ncd
Physical constraint file: TopModule.pcf
Device,package,speed:     xc6slx45,csg324,C,-3 (PRODUCTION 1.23 2013-03-26)
Report level:             verbose report

Environment Variable      Effect 
--------------------      ------ 
NONE                      No environment variables were set
--------------------------------------------------------------------------------

INFO:Timing:2698 - No timing constraints found, doing default enumeration.
INFO:Timing:3412 - To improve timing, see the Timing Closure User Guide (UG612).
INFO:Timing:2752 - To get complete path coverage, use the unconstrained paths 
   option. All paths that are not constrained will be reported in the 
   unconstrained paths section(s) of the report.
INFO:Timing:3339 - The clock-to-out numbers in this timing report are based on 
   a 50 Ohm transmission line loading model.  For the details of this model, 
   and for more information on accounting for different loading conditions, 
   please see the device datasheet.



Data Sheet report:
-----------------
All values displayed in nanoseconds (ns)

Setup/Hold to clock clk
------------+------------+------------+------------+------------+------------------+--------+
            |Max Setup to|  Process   |Max Hold to |  Process   |                  | Clock  |
Source      | clk (edge) |   Corner   | clk (edge) |   Corner   |Internal Clock(s) | Phase  |
------------+------------+------------+------------+------------+------------------+--------+
Reset       |    8.718(R)|      SLOW  |   -1.422(R)|      FAST  |clk_BUFGP         |   0.000|
rx          |    4.631(R)|      SLOW  |   -2.024(R)|      FAST  |clk_BUFGP         |   0.000|
------------+------------+------------+------------+------------+------------------+--------+

Clock clk to Pad
------------+-----------------+------------+-----------------+------------+------------------+--------+
            |Max (slowest) clk|  Process   |Min (fastest) clk|  Process   |                  | Clock  |
Destination |  (edge) to PAD  |   Corner   |  (edge) to PAD  |   Corner   |Internal Clock(s) | Phase  |
------------+-----------------+------------+-----------------+------------+------------------+--------+
led<0>      |         9.310(R)|      SLOW  |         5.088(R)|      FAST  |clk_BUFGP         |   0.000|
led<1>      |         9.554(R)|      SLOW  |         5.221(R)|      FAST  |clk_BUFGP         |   0.000|
led<2>      |         9.411(R)|      SLOW  |         5.153(R)|      FAST  |clk_BUFGP         |   0.000|
led<3>      |        10.771(R)|      SLOW  |         6.058(R)|      FAST  |clk_BUFGP         |   0.000|
led<4>      |        10.630(R)|      SLOW  |         5.973(R)|      FAST  |clk_BUFGP         |   0.000|
led<5>      |        12.254(R)|      SLOW  |         6.979(R)|      FAST  |clk_BUFGP         |   0.000|
led<6>      |        11.633(R)|      SLOW  |         6.455(R)|      FAST  |clk_BUFGP         |   0.000|
led<7>      |        12.603(R)|      SLOW  |         7.121(R)|      FAST  |clk_BUFGP         |   0.000|
tx          |        11.203(R)|      SLOW  |         6.262(R)|      FAST  |clk_BUFGP         |   0.000|
------------+-----------------+------------+-----------------+------------+------------------+--------+

Clock to Setup on destination clock clk
---------------+---------+---------+---------+---------+
               | Src:Rise| Src:Fall| Src:Rise| Src:Fall|
Source Clock   |Dest:Rise|Dest:Rise|Dest:Fall|Dest:Fall|
---------------+---------+---------+---------+---------+
clk            |    8.227|    7.033|    7.252|    6.357|
---------------+---------+---------+---------+---------+


Analysis completed Mon Aug 22 15:14:10 2016 
--------------------------------------------------------------------------------

Trace Settings:
-------------------------
Trace Settings 

Peak Memory Usage: 277 MB



